[INFO] Disabling enhanced local repository: using legacy is strongly discouraged to ensure build reproducibility.
[INFO] Scanning for projects...
[INFO] ------------------------------------------------------------------------
[INFO] Reactor Build Order:
[INFO] 
[INFO] LOCAL_PROJECT SampleSoapWebService-0.1.0 (0.1,Services) Kar        [pom]
[INFO] LOCAL_PROJECT SampleSoapWebService-0.1.0 (0.1,Services) Control Bundle [jar]
[INFO] LOCAL_PROJECT SampleSoapWebService-0.1.0 (0.1,Services) Feature    [pom]
[INFO] 
[INFO] -------< org.example.local_project.service:SampleSoapWebService >-------
[INFO] Building LOCAL_PROJECT SampleSoapWebService-0.1.0 (0.1,Services) Kar 0.1.0 [1/3]
[INFO] --------------------------------[ pom ]---------------------------------
[INFO] 
[INFO] --< org.example.local_project.service:SampleSoapWebService-control-bundle >--
[INFO] Building LOCAL_PROJECT SampleSoapWebService-0.1.0 (0.1,Services) Control Bundle 0.1.0 [2/3]
[INFO] --------------------------------[ jar ]---------------------------------
[INFO] 
[INFO] --- maven-resources-plugin:3.0.2:resources (default-resources) @ SampleSoapWebService-control-bundle ---
[WARNING] Using platform encoding (UTF-8 actually) to copy filtered resources, i.e. build is platform dependent!
[INFO] Copying 3 resources
[INFO] 
[INFO] --- maven-compiler-plugin:3.6.1:compile (default-compile) @ SampleSoapWebService-control-bundle ---
[WARNING] The POM for org.eclipse.platform:org.eclipse.osgi:jar:3.13.300 is missing, no dependency information available
[WARNING] The POM for org.apache.commons:commons-exec:jar:1.2 is missing, no dependency information available
[INFO] Not compiling main sources
[INFO] 
[INFO] --- maven-resources-plugin:3.0.2:testResources (default-testResources) @ SampleSoapWebService-control-bundle ---
[INFO] Not copying test resources
[INFO] 
[INFO] --- maven-compiler-plugin:3.6.1:testCompile (default-testCompile) @ SampleSoapWebService-control-bundle ---
[INFO] Not compiling test sources
[INFO] 
[INFO] --- maven-surefire-plugin:2.20:test (default-test) @ SampleSoapWebService-control-bundle ---
[INFO] Tests are skipped.
[INFO] 
[INFO] --- maven-jar-plugin:3.0.2:jar (default-jar) @ SampleSoapWebService-control-bundle ---
[INFO] Building jar: C:\nss\TOS_ESB-20200219_1130-V7.3.1\Studio\workspace\LOCAL_PROJECT\poms\jobs\services\samplesoapwebservice_0.1\target\SampleSoapWebService-control-bundle-0.1.0.jar
[INFO] 
[INFO] ---< org.example.local_project.service:SampleSoapWebService-feature >---
[INFO] Building LOCAL_PROJECT SampleSoapWebService-0.1.0 (0.1,Services) Feature 0.1.0 [3/3]
[INFO] --------------------------------[ pom ]---------------------------------
[INFO] 
[INFO] --- osgihelper-maven-plugin:7.3.1:generate (feature-helper) @ SampleSoapWebService-feature ---
[INFO] Resolve mvn:org.example.local_project.service/SampleSoapWebService-control-bundle/0.1.0
[INFO] 
[INFO] --- karaf-maven-plugin:4.2.4:kar (create-kar) @ SampleSoapWebService-feature ---
[WARNING] The POM for org.codehaus.plexus:plexus-utils:jar:3.1.0 is missing, no dependency information available
[WARNING] The POM for org.apache.commons:commons-lang3:jar:3.8.1 is missing, no dependency information available
[WARNING] The POM for javax.enterprise:cdi-api:jar:1.0 is missing, no dependency information available
[WARNING] The POM for org.codehaus.plexus:plexus-utils:jar:3.0.17 is missing, no dependency information available
[WARNING] The POM for org.apache.maven.resolver:maven-resolver-api:jar:1.3.1 is missing, no dependency information available
[WARNING] The POM for org.apache.maven.resolver:maven-resolver-util:jar:1.3.1 is missing, no dependency information available
[WARNING] The POM for org.apache.maven.resolver:maven-resolver-impl:jar:1.3.1 is missing, no dependency information available
[WARNING] The POM for org.apache.maven.resolver:maven-resolver-spi:jar:1.3.1 is missing, no dependency information available
[WARNING] The POM for aopalliance:aopalliance:jar:1.0 is missing, no dependency information available
[WARNING] The POM for com.google.j2objc:j2objc-annotations:jar:1.1 is missing, no dependency information available
[WARNING] The POM for org.slf4j:slf4j-api:jar:1.7.12 is missing, no dependency information available
[WARNING] The POM for org.apache.maven:maven-resolver-provider:jar:3.6.0 is missing, no dependency information available
[WARNING] The POM for org.apache.maven.shared:maven-shared-utils:jar:0.7 is missing, no dependency information available
[WARNING] The POM for org.codehaus.plexus:plexus-utils:jar:3.0.20 is missing, no dependency information available
[WARNING] The POM for org.codehaus.plexus:plexus-interpolation:jar:1.21 is missing, no dependency information available
[WARNING] The POM for org.codehaus.plexus:plexus-utils:jar:1.5.7 is missing, no dependency information available
[WARNING] The POM for org.codehaus.plexus:plexus-classworlds:jar:1.2-alpha-9 is missing, no dependency information available
[WARNING] The POM for org.codehaus.plexus:plexus-container-default:jar:1.0-alpha-20 is missing, no dependency information available
[WARNING] The POM for commons-collections:commons-collections:jar:3.2.2 is missing, no dependency information available
[WARNING] The POM for jakarta.xml.bind:jakarta.xml.bind-api:jar:2.3.2 is missing, no dependency information available
[WARNING] The POM for jakarta.activation:jakarta.activation-api:jar:1.2.1 is missing, no dependency information available
[INFO] Building jar: C:\nss\TOS_ESB-20200219_1130-V7.3.1\Studio\workspace\LOCAL_PROJECT\poms\jobs\services\samplesoapwebservice_0.1\target\SampleSoapWebService-feature-0.1.0.kar
[WARNING] Your project should use the "kar" packaging or configure a "classifier" for kar attachment
[INFO] ------------------------------------------------------------------------
[INFO] Reactor Summary:
[INFO] 
[INFO] LOCAL_PROJECT SampleSoapWebService-0.1.0 (0.1,Services) Kar 0.1.0 SUCCESS [  0.005 s]
[INFO] LOCAL_PROJECT SampleSoapWebService-0.1.0 (0.1,Services) Control Bundle SUCCESS [  2.176 s]
[INFO] LOCAL_PROJECT SampleSoapWebService-0.1.0 (0.1,Services) Feature 0.1.0 SUCCESS [  2.278 s]
[INFO] ------------------------------------------------------------------------
[INFO] BUILD SUCCESS
[INFO] ------------------------------------------------------------------------
[INFO] Total time: 5.454 s
[INFO] Finished at: 2020-07-08T13:00:36+05:30
[INFO] ------------------------------------------------------------------------
[WARNING] The requested profile "default-settings" could not be activated because it does not exist.
[WARNING] The requested profile "include-libs" could not be activated because it does not exist.
[WARNING] The requested profile "include-binaries" could not be activated because it does not exist.
[WARNING] The requested profile "include-contexts" could not be activated because it does not exist.
[WARNING] The requested profile "packaging-and-assembly" could not be activated because it does not exist.
