[INFO] Disabling enhanced local repository: using legacy is strongly discouraged to ensure build reproducibility.
[INFO] Scanning for projects...
[INFO] 
[INFO] -----------< org.example.local_project.job:FileDelimitedJob >-----------
[INFO] Building LOCAL_PROJECT FileDelimitedJob-0.1.0 (0.1,Job Designs) 0.1.0
[INFO] --------------------------------[ jar ]---------------------------------
[WARNING] The POM for org.dom4j:dom4j:jar:2.1.1 is missing, no dependency information available
[WARNING] The POM for org.apache.logging.log4j:log4j-api:jar:2.12.1 is missing, no dependency information available
[WARNING] The POM for org.apache.logging.log4j:log4j-core:jar:2.12.1 is missing, no dependency information available
[WARNING] The POM for org.apache.logging.log4j:log4j-slf4j-impl:jar:2.12.1 is missing, no dependency information available
[INFO] 
[INFO] --- maven-resources-plugin:3.0.2:resources (default-resources) @ FileDelimitedJob ---
[WARNING] Using platform encoding (UTF-8 actually) to copy filtered resources, i.e. build is platform dependent!
[INFO] Copying 1 resource
[INFO] 
[INFO] --- maven-compiler-plugin:3.6.1:compile (default-compile) @ FileDelimitedJob ---
[WARNING] The POM for org.eclipse.platform:org.eclipse.osgi:jar:3.13.300 is missing, no dependency information available
[WARNING] The POM for org.apache.commons:commons-exec:jar:1.2 is missing, no dependency information available
[INFO] Not compiling main sources
[INFO] 
[INFO] --- maven-resources-plugin:3.0.2:testResources (default-testResources) @ FileDelimitedJob ---
[INFO] Not copying test resources
[INFO] 
[INFO] --- maven-compiler-plugin:3.6.1:testCompile (default-testCompile) @ FileDelimitedJob ---
[INFO] Not compiling test sources
[INFO] 
[INFO] --- maven-surefire-plugin:2.20:test (default-test) @ FileDelimitedJob ---
[INFO] Tests are skipped.
[INFO] 
[INFO] --- maven-jar-plugin:3.0.2:jar (default-jar) @ FileDelimitedJob ---
[INFO] Building jar: C:\nss\TOS_ESB-20200219_1130-V7.3.1\Studio\workspace\LOCAL_PROJECT\poms\jobs\process\demo\filedelimitedjob_0.1\target\filedelimitedjob_0_1.jar
[INFO] 
[INFO] --- maven-assembly-plugin:3.0.0:single (default) @ FileDelimitedJob ---
[INFO] Reading assembly descriptor: C:\nss\TOS_ESB-20200219_1130-V7.3.1\Studio\workspace\LOCAL_PROJECT\poms\jobs\process\demo\filedelimitedjob_0.1/src/main/assemblies/assembly.xml
[WARNING] Missing POM for org.dom4j:dom4j:jar:2.1.1
[WARNING] Missing POM for org.apache.logging.log4j:log4j-api:jar:2.12.1
[WARNING] Missing POM for org.apache.logging.log4j:log4j-core:jar:2.12.1
[WARNING] Missing POM for org.apache.logging.log4j:log4j-slf4j-impl:jar:2.12.1
[INFO] Building zip: C:\nss\TOS_ESB-20200219_1130-V7.3.1\Studio\workspace\LOCAL_PROJECT\poms\jobs\process\demo\filedelimitedjob_0.1\target\filedelimitedjob_0_1.zip
[INFO] ------------------------------------------------------------------------
[INFO] BUILD SUCCESS
[INFO] ------------------------------------------------------------------------
[INFO] Total time: 7.857 s
[INFO] Finished at: 2020-07-20T15:48:18+05:30
[INFO] ------------------------------------------------------------------------
