[INFO] Disabling enhanced local repository: using legacy is strongly discouraged to ensure build reproducibility.
[INFO] Scanning for projects...
[INFO] ------------------------------------------------------------------------
[INFO] Reactor Build Order:
[INFO] 
[INFO] LOCAL_PROJECT XMLConsumerAMQ-0.1.0 (0.1,Routes) Kar                [pom]
[INFO] LOCAL_PROJECT XMLConsumerAMQ-0.1.0 (0.1,Routes) Bundle             [jar]
[INFO] LOCAL_PROJECT XMLConsumerAMQ-0.1.0 (0.1,Routes) Feature            [pom]
[INFO] 
[INFO] ---------< org.example.local_project.route:XMLConsumerAMQ-Kar >---------
[INFO] Building LOCAL_PROJECT XMLConsumerAMQ-0.1.0 (0.1,Routes) Kar 0.1.0 [1/3]
[INFO] --------------------------------[ pom ]---------------------------------
[INFO] 
[INFO] -----------< org.example.local_project.route:XMLConsumerAMQ >-----------
[INFO] Building LOCAL_PROJECT XMLConsumerAMQ-0.1.0 (0.1,Routes) Bundle 0.1.0 [2/3]
[INFO] --------------------------------[ jar ]---------------------------------
[WARNING] The POM for aopalliance:aopalliance:jar:1.0 is missing, no dependency information available
[WARNING] The POM for commons-collections:commons-collections:jar:3.2.2 is missing, no dependency information available
[WARNING] The POM for commons-pool:commons-pool:jar:1.6 is missing, no dependency information available
[WARNING] The POM for org.apache.cxf:cxf-core:jar:3.3.4 is missing, no dependency information available
[WARNING] The POM for org.dom4j:dom4j:jar:2.1.1 is missing, no dependency information available
[WARNING] The POM for com.sun.activation:javax.activation:jar:1.2.0 is missing, no dependency information available
[WARNING] The POM for javax.ws.rs:javax.ws.rs-api:jar:2.1 is missing, no dependency information available
[WARNING] The POM for org.apache.logging.log4j:log4j-api:jar:2.12.1 is missing, no dependency information available
[WARNING] The POM for org.apache.logging.log4j:log4j-core:jar:2.12.1 is missing, no dependency information available
[WARNING] The POM for org.apache.logging.log4j:log4j-slf4j-impl:jar:2.12.1 is missing, no dependency information available
[INFO] 
[INFO] --- maven-resources-plugin:3.0.2:resources (default-resources) @ XMLConsumerAMQ ---
[INFO] Using 'UTF-8' encoding to copy filtered resources.
[INFO] Copying 2 resources
[INFO] 
[INFO] --- maven-compiler-plugin:3.6.1:compile (default-compile) @ XMLConsumerAMQ ---
[WARNING] The POM for org.eclipse.platform:org.eclipse.osgi:jar:3.13.300 is missing, no dependency information available
[WARNING] The POM for org.apache.commons:commons-exec:jar:1.2 is missing, no dependency information available
[INFO] Not compiling main sources
[INFO] 
[INFO] --- maven-resources-plugin:3.0.2:testResources (default-testResources) @ XMLConsumerAMQ ---
[INFO] Not copying test resources
[INFO] 
[INFO] --- maven-compiler-plugin:3.6.1:testCompile (default-testCompile) @ XMLConsumerAMQ ---
[INFO] Not compiling test sources
[INFO] 
[INFO] --- maven-surefire-plugin:2.20:test (default-test) @ XMLConsumerAMQ ---
[INFO] Tests are skipped.
[INFO] 
[INFO] --- maven-jar-plugin:3.0.2:jar (default-jar) @ XMLConsumerAMQ ---
[INFO] Building jar: C:\nss\TOS_ESB-20200219_1130-V7.3.1\Studio\workspace\LOCAL_PROJECT\poms\jobs\routes\xmlconsumeramq_0.1\target\XMLConsumerAMQ-0.1.0.jar
[INFO] 
[INFO] --- maven-assembly-plugin:3.0.0:single (default) @ XMLConsumerAMQ ---
[INFO] Reading assembly descriptor: C:\nss\TOS_ESB-20200219_1130-V7.3.1\Studio\workspace\LOCAL_PROJECT\poms\jobs\routes\xmlconsumeramq_0.1/src/main/assemblies/assembly.xml
[INFO] Building jar: C:\nss\TOS_ESB-20200219_1130-V7.3.1\Studio\workspace\LOCAL_PROJECT\poms\jobs\routes\xmlconsumeramq_0.1\target\XMLConsumerAMQ-0.1.0.jar
[WARNING] Configuration option 'appendAssemblyId' is set to false.
Instead of attaching the assembly file: C:\nss\TOS_ESB-20200219_1130-V7.3.1\Studio\workspace\LOCAL_PROJECT\poms\jobs\routes\xmlconsumeramq_0.1\target\XMLConsumerAMQ-0.1.0.jar, it will become the file for main project artifact.
NOTE: If multiple descriptors or descriptor-formats are provided for this project, the value of this file will be non-deterministic!
[WARNING] Replacing pre-existing project main-artifact file: C:\nss\TOS_ESB-20200219_1130-V7.3.1\Studio\workspace\LOCAL_PROJECT\poms\jobs\routes\xmlconsumeramq_0.1\target\XMLConsumerAMQ-0.1.0.jar
with assembly file: C:\nss\TOS_ESB-20200219_1130-V7.3.1\Studio\workspace\LOCAL_PROJECT\poms\jobs\routes\xmlconsumeramq_0.1\target\XMLConsumerAMQ-0.1.0.jar
[INFO] 
[INFO] -------< org.example.local_project.route:XMLConsumerAMQ-feature >-------
[INFO] Building LOCAL_PROJECT XMLConsumerAMQ-0.1.0 (0.1,Routes) Feature 0.1.0 [3/3]
[INFO] --------------------------------[ pom ]---------------------------------
[INFO] 
[INFO] --- osgihelper-maven-plugin:7.3.1:generate (feature-helper) @ XMLConsumerAMQ-feature ---
[INFO] Resolve mvn:org.example.local_project.route/XMLConsumerAMQ/0.1.0
[INFO] 
[INFO] --- karaf-maven-plugin:4.2.4:kar (create-kar) @ XMLConsumerAMQ-feature ---
[WARNING] The POM for org.codehaus.plexus:plexus-utils:jar:3.1.0 is missing, no dependency information available
[WARNING] The POM for org.apache.commons:commons-lang3:jar:3.8.1 is missing, no dependency information available
[WARNING] The POM for javax.enterprise:cdi-api:jar:1.0 is missing, no dependency information available
[WARNING] The POM for org.codehaus.plexus:plexus-utils:jar:3.0.17 is missing, no dependency information available
[WARNING] The POM for org.apache.maven.resolver:maven-resolver-api:jar:1.3.1 is missing, no dependency information available
[WARNING] The POM for org.apache.maven.resolver:maven-resolver-util:jar:1.3.1 is missing, no dependency information available
[WARNING] The POM for org.apache.maven.resolver:maven-resolver-impl:jar:1.3.1 is missing, no dependency information available
[WARNING] The POM for org.apache.maven.resolver:maven-resolver-spi:jar:1.3.1 is missing, no dependency information available
[WARNING] The POM for com.google.j2objc:j2objc-annotations:jar:1.1 is missing, no dependency information available
[WARNING] The POM for org.slf4j:slf4j-api:jar:1.7.12 is missing, no dependency information available
[WARNING] The POM for org.apache.maven:maven-resolver-provider:jar:3.6.0 is missing, no dependency information available
[WARNING] The POM for org.apache.maven.shared:maven-shared-utils:jar:0.7 is missing, no dependency information available
[WARNING] The POM for org.codehaus.plexus:plexus-utils:jar:3.0.20 is missing, no dependency information available
[WARNING] The POM for org.codehaus.plexus:plexus-interpolation:jar:1.21 is missing, no dependency information available
[WARNING] The POM for org.codehaus.plexus:plexus-utils:jar:1.5.7 is missing, no dependency information available
[WARNING] The POM for org.codehaus.plexus:plexus-classworlds:jar:1.2-alpha-9 is missing, no dependency information available
[WARNING] The POM for org.codehaus.plexus:plexus-container-default:jar:1.0-alpha-20 is missing, no dependency information available
[WARNING] The POM for jakarta.xml.bind:jakarta.xml.bind-api:jar:2.3.2 is missing, no dependency information available
[WARNING] The POM for jakarta.activation:jakarta.activation-api:jar:1.2.1 is missing, no dependency information available
[INFO] Building jar: C:\nss\TOS_ESB-20200219_1130-V7.3.1\Studio\workspace\LOCAL_PROJECT\poms\jobs\routes\xmlconsumeramq_0.1\target\xmlconsumeramq_0_1.kar
[WARNING] Your project should use the "kar" packaging or configure a "classifier" for kar attachment
[INFO] ------------------------------------------------------------------------
[INFO] Reactor Summary:
[INFO] 
[INFO] LOCAL_PROJECT XMLConsumerAMQ-0.1.0 (0.1,Routes) Kar 0.1.0 SUCCESS [  0.015 s]
[INFO] LOCAL_PROJECT XMLConsumerAMQ-0.1.0 (0.1,Routes) Bundle SUCCESS [  4.681 s]
[INFO] LOCAL_PROJECT XMLConsumerAMQ-0.1.0 (0.1,Routes) Feature 0.1.0 SUCCESS [  2.669 s]
[INFO] ------------------------------------------------------------------------
[INFO] BUILD SUCCESS
[INFO] ------------------------------------------------------------------------
[INFO] Total time: 7.613 s
[INFO] Finished at: 2020-07-22T18:26:12+05:30
[INFO] ------------------------------------------------------------------------
